<?xml version="1.0" encoding="UTF-8"?>
<!-- Generated by org.testng.reporters.JUnitXMLReporter -->
<testsuite ignored="2" hostname="Vinutha" failures="0" tests="1" name="Default test" time="11.059" errors="0" timestamp="2024-10-30T15:40:16 CDT">
  <testcase classname="com.automation.Testscripts_usermenu.Automationscripts1_1" name="testforusername_Usermenu" time="6.547"/>
  <testcase classname="com.automation.Testscripts_usermenu.Automationscripts1_1" name="test8_Usermenu" time="0.0">
    <ignored/>
  </testcase> <!-- test8_Usermenu -->
  <testcase classname="com.automation.Testscripts_usermenu.Automationscripts1_1" name="testforlogout_Usermenu" time="0.0">
    <ignored/>
  </testcase> <!-- testforlogout_Usermenu -->
</testsuite> <!-- Default test -->
