<?xml version="1.0" encoding="UTF-8"?>
<!-- Generated by org.testng.reporters.JUnitXMLReporter -->
<testsuite ignored="0" hostname="Vinutha" failures="1" tests="3" name="Salesforce User Menu Tests" time="35.587" errors="0" timestamp="2024-11-01T21:50:59 CDT">
  <testcase classname="com.automation.Testscripts_usermenu.Automationscripts1_1" name="testforDeveloperConsole_Usermenu" time="7.852"/>
  <testcase classname="com.automation.Testscripts_usermenu.Automationscripts1_1" name="testforlogout_Usermenu" time="13.151">
    <failure type="java.lang.AssertionError" message="Logout failed or URL mismatch. expected [https://tekarch79-dev-ed.develop.my.salesforce/] but found [https://tekarch79-dev-ed.develop.my.salesforce.com/]">
      <![CDATA[java.lang.AssertionError: Logout failed or URL mismatch. expected [https://tekarch79-dev-ed.develop.my.salesforce/] but found [https://tekarch79-dev-ed.develop.my.salesforce.com/]
at com.automation.Testscripts_usermenu.Automationscripts1_1.testforlogout_Usermenu(Automationscripts1_1.java:143)
at java.base/java.util.ArrayList.forEach(ArrayList.java:1597)
... Removed 30 stack frames]]>
    </failure>
  </testcase> <!-- testforlogout_Usermenu -->
  <testcase classname="com.automation.Testscripts_usermenu.Automationscripts1_1" name="testforusername_Usermenu" time="5.589"/>
</testsuite> <!-- Salesforce User Menu Tests -->
