<?xml version="1.0" encoding="UTF-8"?>
<!-- Generated by org.testng.reporters.JUnitXMLReporter -->
<testsuite ignored="0" hostname="Vinutha" failures="0" tests="4" name="Salesforce SFDC" time="27.08" errors="0" timestamp="2024-11-01T21:51:26 CDT">
  <testcase classname="com.automation.Testscripts_SFDC.Automationscripts2_2" name="testForgotPasswordFunctionality" time="4.972"/>
  <testcase classname="com.automation.Testscripts_SFDC.Automationscripts2_2" name="testforPassword_SFDC" time="3.121"/>
  <testcase classname="com.automation.Testscripts_SFDC.Automationscripts2_2" name="testforRemebermecheckBOX_SFDC" time="5.183"/>
  <testcase classname="com.automation.Testscripts_SFDC.Automationscripts2_2" name="testforSalesforceLoginPage_SFDC" time="3.476"/>
</testsuite> <!-- Salesforce SFDC -->
